Oct-04 20:30:39.483 [main] DEBUG nextflow.cli.Launcher - $> nextflow run /home/jfgarcia/repositories/nf_assembly_megahit/ -with-tower -c /home/jfgarcia/repositories/nf_assembly_megahit/configs/uppmax.config --project snic2021-5-248 --input 'FMT_fqsamples/*{1,2}.fastq.gz' -resume -bg
Oct-04 20:30:39.859 [main] INFO  nextflow.cli.CmdRun - N E X T F L O W  ~  version 21.04.1
Oct-04 20:30:42.876 [main] INFO  nextflow.cli.CmdRun - Launching `/home/jfgarcia/repositories/nf_assembly_megahit/main.nf` [hopeful_volta] - revision: 1fc6a5870f
Oct-04 20:30:42.946 [main] DEBUG nextflow.config.ConfigBuilder - Found config base: /home/jfgarcia/repositories/nf_assembly_megahit/nextflow.config
Oct-04 20:30:42.946 [main] DEBUG nextflow.config.ConfigBuilder - Found config local: /domus/h1/jfgarcia/repositories/nf_assembly_megahit/nextflow.config
Oct-04 20:30:42.950 [main] DEBUG nextflow.config.ConfigBuilder - User config file: /home/jfgarcia/repositories/nf_assembly_megahit/configs/uppmax.config
Oct-04 20:30:42.950 [main] DEBUG nextflow.config.ConfigBuilder - Parsing config file: /home/jfgarcia/repositories/nf_assembly_megahit/nextflow.config
Oct-04 20:30:42.951 [main] DEBUG nextflow.config.ConfigBuilder - Parsing config file: /domus/h1/jfgarcia/repositories/nf_assembly_megahit/nextflow.config
Oct-04 20:30:42.951 [main] DEBUG nextflow.config.ConfigBuilder - Parsing config file: /home/jfgarcia/repositories/nf_assembly_megahit/configs/uppmax.config
Oct-04 20:30:42.964 [main] DEBUG nextflow.config.ConfigBuilder - Applying config profile: `standard`
Oct-04 20:30:43.168 [main] DEBUG nextflow.config.ConfigBuilder - Applying config profile: `standard`
Oct-04 20:30:43.174 [main] DEBUG nextflow.config.ConfigBuilder - Applying config profile: `standard`
Oct-04 20:30:43.882 [main] WARN  nextflow.config.ConfigBuilder - It appears you have never run this project before -- Option `-resume` is ignored
Oct-04 20:30:43.984 [main] DEBUG nextflow.plugin.PluginsFacade - Setting up plugin manager > mode=prod; plugins-dir=/home/jfgarcia/.nextflow/plugins
Oct-04 20:30:43.986 [main] DEBUG nextflow.plugin.PluginsFacade - Plugins default=[]
Oct-04 20:30:44.052 [main] DEBUG nextflow.plugin.PluginsFacade - Plugins local root: .nextflow/plr/21921f6807262d1f701978cdf8a1f5c4
Oct-04 20:30:44.064 [main] INFO  org.pf4j.DefaultPluginStatusProvider - Enabled plugins: []
Oct-04 20:30:44.065 [main] INFO  org.pf4j.DefaultPluginStatusProvider - Disabled plugins: []
Oct-04 20:30:44.070 [main] INFO  org.pf4j.DefaultPluginManager - PF4J version 3.4.1 in 'deployment' mode
Oct-04 20:30:44.083 [main] INFO  org.pf4j.AbstractPluginManager - No plugins
Oct-04 20:30:44.083 [main] DEBUG nextflow.plugin.PluginUpdater - Installing plugin nf-tower version: 1.1.0
Oct-04 20:30:44.091 [main] INFO  org.pf4j.AbstractPluginManager - Plugin 'nf-tower@1.1.0' resolved
Oct-04 20:30:44.091 [main] INFO  org.pf4j.AbstractPluginManager - Start plugin 'nf-tower@1.1.0'
Oct-04 20:30:44.156 [main] DEBUG nextflow.plugin.BasePlugin - Plugin started nf-tower@1.1.0
Oct-04 20:30:44.288 [main] DEBUG nextflow.Session - Session uuid: 12d83c76-765f-475a-a60c-070ee2b8e477
Oct-04 20:30:44.288 [main] DEBUG nextflow.Session - Run name: hopeful_volta
Oct-04 20:30:44.289 [main] DEBUG nextflow.Session - Executor pool size: 2
Oct-04 20:30:44.353 [main] DEBUG nextflow.config.ConfigBuilder - Found config base: /home/jfgarcia/repositories/nf_assembly_megahit/nextflow.config
Oct-04 20:30:44.353 [main] DEBUG nextflow.config.ConfigBuilder - Found config local: /domus/h1/jfgarcia/repositories/nf_assembly_megahit/nextflow.config
Oct-04 20:30:44.353 [main] DEBUG nextflow.config.ConfigBuilder - User config file: /home/jfgarcia/repositories/nf_assembly_megahit/configs/uppmax.config
Oct-04 20:30:44.353 [main] DEBUG nextflow.config.ConfigBuilder - Parsing config file: /home/jfgarcia/repositories/nf_assembly_megahit/nextflow.config
Oct-04 20:30:44.353 [main] DEBUG nextflow.config.ConfigBuilder - Parsing config file: /domus/h1/jfgarcia/repositories/nf_assembly_megahit/nextflow.config
Oct-04 20:30:44.354 [main] DEBUG nextflow.config.ConfigBuilder - Parsing config file: /home/jfgarcia/repositories/nf_assembly_megahit/configs/uppmax.config
Oct-04 20:30:44.355 [main] DEBUG nextflow.config.ConfigBuilder - Applying config profile: `standard`
Oct-04 20:30:44.583 [main] DEBUG nextflow.config.ConfigBuilder - Applying config profile: `standard`
Oct-04 20:30:44.648 [main] DEBUG nextflow.config.ConfigBuilder - Applying config profile: `standard`
Oct-04 20:30:44.983 [main] WARN  nextflow.config.ConfigBuilder - It appears you have never run this project before -- Option `-resume` is ignored
Oct-04 20:30:45.073 [main] DEBUG nextflow.cli.CmdRun - 
  Version: 21.04.1 build 5556
  Created: 14-05-2021 15:20 UTC (17:20 CEST)
  System: Linux 3.10.0-1160.41.1.el7.x86_64
  Runtime: Groovy 3.0.7 on OpenJDK 64-Bit Server VM 1.8.0_302-b08
  Encoding: UTF-8 (UTF-8)
  Process: 11525@rackham2.uppmax.uu.se [89.44.250.83]
  CPUs: 1 - Mem: 62.8 GB (62 GB) - Swap: 7.9 GB (0)
Oct-04 20:30:45.158 [main] DEBUG nextflow.Session - Work-dir: /domus/h1/jfgarcia/repositories/nf_assembly_megahit/work [nfs]
Oct-04 20:30:45.159 [main] DEBUG nextflow.Session - Script base path does not exist or is not a directory: /home/jfgarcia/repositories/nf_assembly_megahit/bin
Oct-04 20:30:45.175 [main] DEBUG nextflow.executor.ExecutorFactory - Extension executors providers=[]
Oct-04 20:30:45.193 [main] DEBUG nextflow.Session - Observer factory: DefaultObserverFactory
Oct-04 20:30:45.246 [main] DEBUG nextflow.Session - Observer factory: TowerFactory
Oct-04 20:30:45.646 [main] DEBUG nextflow.Session - Session start invoked
Oct-04 20:30:45.655 [main] DEBUG io.seqera.tower.plugin.TowerClient - Creating Tower observer -- endpoint=https://api.tower.nf; requestInterval=1s; aliveInterval=1m; maxRetries=5; backOffBase=3; backOffDelay=250
Oct-04 20:30:47.171 [main] DEBUG nextflow.script.ScriptRunner - > Launching execution
Oct-04 20:30:50.275 [main] DEBUG nextflow.Session - Workflow process names [dsl2]: megahit_assembly, enadataget, fastp
Oct-04 20:30:50.774 [main] DEBUG nextflow.executor.ExecutorFactory - << taskConfig executor: slurm
Oct-04 20:30:50.774 [main] DEBUG nextflow.executor.ExecutorFactory - >> processorType: 'slurm'
Oct-04 20:30:50.787 [main] DEBUG nextflow.executor.Executor - [warm up] executor > slurm
Oct-04 20:30:50.847 [main] DEBUG n.processor.TaskPollingMonitor - Creating task monitor for executor 'slurm' > capacity: 100; pollInterval: 5s; dumpInterval: 5m 
Oct-04 20:30:50.853 [main] DEBUG n.executor.AbstractGridExecutor - Creating executor 'slurm' > queue-stat-interval: 1m
Oct-04 20:30:51.165 [main] DEBUG nextflow.executor.ExecutorFactory - << taskConfig executor: slurm
Oct-04 20:30:51.165 [main] DEBUG nextflow.executor.ExecutorFactory - >> processorType: 'slurm'
Oct-04 20:30:51.404 [main] INFO  io.seqera.tower.plugin.TowerClient - Monitor the execution with Nextflow Tower using this url https://tower.nf/watch/2bypB9wn1z9bba
Oct-04 20:30:51.406 [main] DEBUG nextflow.Session - Ignite dataflow network (3)
Oct-04 20:30:51.456 [PathVisitor-1] DEBUG nextflow.file.PathVisitor - files for syntax: glob; folder: FMT_fqsamples/; pattern: *{1,2}.fastq.gz; options: [:]
Oct-04 20:30:51.457 [main] DEBUG nextflow.processor.TaskProcessor - Starting process > NF_META_ASSEMBLY:ASSEMBLY:fastp
Oct-04 20:30:51.458 [main] DEBUG nextflow.processor.TaskProcessor - Starting process > NF_META_ASSEMBLY:ASSEMBLY:megahit_assembly
Oct-04 20:30:51.458 [main] DEBUG nextflow.script.ScriptRunner - > Await termination 
Oct-04 20:30:51.458 [main] DEBUG nextflow.Session - Session await
Oct-04 20:30:51.463 [PathVisitor-1] DEBUG nextflow.file.PathVisitor - No such file: FMT_fqsamples/ -- Skipping visit
Oct-04 20:30:51.476 [Actor Thread 2] ERROR nextflow.Nextflow - Cannot find any reads matching: FMT_fqsamples/*{1,2}.fastq.gz
NB: Path needs to be enclosed in quotes!
If this is single-end data, please specify --single_end on the command line.
